<?xml version="1.0" encoding="UTF-8"?>
<testng-results skipped="0" failed="0" ignored="0" total="1" passed="1">
  <reporter-output>
  </reporter-output>
  <suite name="Default suite" duration-ms="18063" started-at="2022-02-05T14:13:48 CST" finished-at="2022-02-05T14:14:06 CST">
    <groups>
    </groups>
    <test name="Default test" duration-ms="18063" started-at="2022-02-05T14:13:48 CST" finished-at="2022-02-05T14:14:06 CST">
      <class name="variousConcepts.CRMTest">
        <test-method status="PASS" signature="readConfig()[pri:0, instance:variousConcepts.CRMTest@6b57696f]" name="readConfig" is-config="true" duration-ms="27" started-at="2022-02-05T14:13:48 CST" finished-at="2022-02-05T14:13:48 CST">
          <reporter-output>
          </reporter-output>
        </test-method> <!-- readConfig -->
        <test-method status="PASS" signature="init()[pri:0, instance:variousConcepts.CRMTest@6b57696f]" name="init" is-config="true" duration-ms="9877" started-at="2022-02-05T14:13:48 CST" finished-at="2022-02-05T14:13:58 CST">
          <reporter-output>
          </reporter-output>
        </test-method> <!-- init -->
        <test-method status="PASS" signature="addContact()[pri:0, instance:variousConcepts.CRMTest@6b57696f]" name="addContact" duration-ms="8014" started-at="2022-02-05T14:13:58 CST" finished-at="2022-02-05T14:14:06 CST">
          <reporter-output>
          </reporter-output>
        </test-method> <!-- addContact -->
      </class> <!-- variousConcepts.CRMTest -->
    </test> <!-- Default test -->
  </suite> <!-- Default suite -->
</testng-results>
